<?xml version="1.0" encoding="UTF-8"?>
<testng-results ignored="0" total="2" passed="2" failed="0" skipped="0">
  <reporter-output>
  </reporter-output>
  <suite started-at="2024-02-25T14:55:27 IST" name="API" finished-at="2024-02-25T14:55:35 IST" duration-ms="8887">
    <groups>
    </groups>
    <test started-at="2024-02-25T14:55:27 IST" name="Default XmlTest name 649b3611-2b16-4804-846d-ff81ca7f1290" finished-at="2024-02-25T14:55:35 IST" duration-ms="8486">
      <class name="testScripts.loginAPITest">
        <test-method signature="loginAPI(java.lang.String,java.lang.String)[pri:0, instance:testScripts.loginAPITest@437da279]" started-at="2024-02-25T14:55:27 IST" name="loginAPI" finished-at="2024-02-25T14:55:35 IST" duration-ms="8379" status="PASS">
          <params>
            <param index="0">
              <value>
                <![CDATA[TC0001]]>
              </value>
            </param>
            <param index="1">
              <value>
                <![CDATA[API_DATA]]>
              </value>
            </param>
          </params>
          <reporter-output>
          </reporter-output>
        </test-method> <!-- loginAPI -->
      </class> <!-- testScripts.loginAPITest -->
    </test> <!-- Default XmlTest name 649b3611-2b16-4804-846d-ff81ca7f1290 -->
    <test started-at="2024-02-25T14:55:35 IST" name="Default XmlTest name 6955f344-c76e-4bc1-9ede-c02aa02adb45" finished-at="2024-02-25T14:55:35 IST" duration-ms="333">
      <class name="testScripts.CreateOrder">
        <test-method signature="createnewOrder(java.lang.String,java.lang.String)[pri:0, instance:testScripts.CreateOrder@2892d68]" started-at="2024-02-25T14:55:35 IST" name="createnewOrder" finished-at="2024-02-25T14:55:35 IST" duration-ms="325" status="PASS">
          <params>
            <param index="0">
              <value>
                <![CDATA[TC0003]]>
              </value>
            </param>
            <param index="1">
              <value>
                <![CDATA[API_DATA]]>
              </value>
            </param>
          </params>
          <reporter-output>
          </reporter-output>
        </test-method> <!-- createnewOrder -->
      </class> <!-- testScripts.CreateOrder -->
    </test> <!-- Default XmlTest name 6955f344-c76e-4bc1-9ede-c02aa02adb45 -->
  </suite> <!-- API -->
</testng-results>
