<?xml version="1.0" encoding="UTF-8"?>
<testng-results ignored="0" total="1" passed="1" failed="0" skipped="0">
  <reporter-output>
  </reporter-output>
  <suite started-at="2024-02-21T16:53:26 IST" name="API" finished-at="2024-02-21T16:53:30 IST" duration-ms="3570">
    <groups>
    </groups>
    <test started-at="2024-02-21T16:53:26 IST" name="Default XmlTest name 21549d6b-41ef-4fbb-a83d-c028bdcb7015" finished-at="2024-02-21T16:53:30 IST" duration-ms="3570">
      <class name="testScripts.loginAPITest">
        <test-method signature="loginAPI(java.lang.String,java.lang.String)[pri:0, instance:testScripts.loginAPITest@4803b726]" started-at="2024-02-21T16:53:26 IST" name="loginAPI" finished-at="2024-02-21T16:53:30 IST" duration-ms="3534" status="PASS">
          <params>
            <param index="0">
              <value>
                <![CDATA[TC0001]]>
              </value>
            </param>
            <param index="1">
              <value>
                <![CDATA[API_DATA]]>
              </value>
            </param>
          </params>
          <reporter-output>
          </reporter-output>
        </test-method> <!-- loginAPI -->
      </class> <!-- testScripts.loginAPITest -->
    </test> <!-- Default XmlTest name 21549d6b-41ef-4fbb-a83d-c028bdcb7015 -->
  </suite> <!-- API -->
</testng-results>
